

Microchip MPLAB XC8 Assembler V2.41 build 20230208172133 
                                                                                               Wed Dec 06 00:43:30 2023

Microchip MPLAB XC8 C Compiler v2.41 (Free license) build 20230208172133 Og1 
     1                           	processor	18F25K50
     2                           	fnconf	rparam,??,?,0
     3                           	pagewidth 120
     4                           	opt	flic
     5                           	psect	cinit,global,reloc=2,class=CODE,delta=1
     6                           	psect	cstackCOMRAM,global,class=COMRAM,space=1,delta=1,lowdata,noexec
     7                           	psect	text0,global,reloc=2,class=CODE,delta=1
     8                           	psect	text1,global,reloc=2,class=CODE,delta=1
     9                           	psect	text2,global,reloc=2,class=CODE,delta=1
    10                           	psect	text3,global,reloc=2,class=CODE,delta=1
    11                           	psect	text4,global,reloc=2,class=CODE,delta=1
    12                           	psect	intsave_regs,global,class=BIGRAM,space=1,delta=1,noexec
    13                           	psect	rparam,global,class=COMRAM,space=1,delta=1,noexec
    14                           	psect	idloc,global,abs,ovrld,class=IDLOC,space=5,delta=1,noexec
    15                           	psect	config,global,abs,ovrld,class=CONFIG,space=4,delta=1,noexec
    16   000000                     
    17                           ; Version 2.20
    18                           ; Generated 12/02/2020 GMT
    19                           ; 
    20                           ; Copyright © 2020, Microchip Technology Inc. and its subsidiaries ("Microchip")
    21                           ; All rights reserved.
    22                           ; 
    23                           ; This software is developed by Microchip Technology Inc. and its subsidiaries ("Microch
      +                          ip").
    24                           ; 
    25                           ; Redistribution and use in source and binary forms, with or without modification, are
    26                           ; permitted provided that the following conditions are met:
    27                           ; 
    28                           ;     1. Redistributions of source code must retain the above copyright notice, this lis
      +                          t of
    29                           ;        conditions and the following disclaimer.
    30                           ; 
    31                           ;     2. Redistributions in binary form must reproduce the above copyright notice, this 
      +                          list
    32                           ;        of conditions and the following disclaimer in the documentation and/or other
    33                           ;        materials provided with the distribution.
    34                           ; 
    35                           ;     3. Microchip's name may not be used to endorse or promote products derived from th
      +                          is
    36                           ;        software without specific prior written permission.
    37                           ; 
    38                           ; THIS SOFTWARE IS PROVIDED BY MICROCHIP "AS IS" AND ANY EXPRESS OR IMPLIED WARRANTIES,
    39                           ; INCLUDING, BUT NOT LIMITED TO, THE IMPLIED WARRANTIES OF MERCHANTABILITY AND FITNESS F
      +                          OR
    40                           ; PURPOSE ARE DISCLAIMED.  IN NO EVENT SHALL MICROCHIP BE LIABLE FOR ANY DIRECT, INDIREC
      +                          T,
    41                           ; INCIDENTAL, SPECIAL, EXEMPLARY, OR CONSEQUENTIAL DAMAGES (INCLUDING BUT NOT LIMITED TO
    42                           ; PROCUREMENT OF SUBSTITUTE GOODS OR SERVICES; LOSS OF USE, DATA OR PROFITS; OR BUSINESS
    43                           ; INTERRUPTION) HOWSOEVER CAUSED AND ON ANY THEORY OF LIABILITY, WHETHER IN CONTRACT, ST
      +                          RICT
    44                           ; LIABILITY, OR TORT (INCLUDING NEGLIGENCE OR OTHERWISE) ARISING IN ANY WAY OUT OF THE U
      +                          SE OF
    45                           ; THIS SOFTWARE, EVEN IF ADVISED OF THE POSSIBILITY OF SUCH DAMAGE.
    46                           ; 
    47                           ; 
    48                           ; Code-generator required, PIC18F25K50 Definitions
    49                           ; 
    50                           ; SFR Addresses
    51   000000                     _VREFCON2	set	3963
    52   000000                     _VREFCON0	set	3965
    53   000000                     _VREFCON1	set	3964
    54   000000                     _PORTA	set	3968
    55   000000                     _TRISA	set	3986
    56   000000                     _OSCCON	set	4051
    57                           
    58                           ; #config settings
    59                           
    60                           	psect	cinit
    61   007F8C                     __pcinit:
    62                           	callstack 0
    63   007F8C                     start_initialization:
    64                           	callstack 0
    65   007F8C                     __initialization:
    66                           	callstack 0
    67   007F8C                     end_of_initialization:
    68                           	callstack 0
    69   007F8C                     __end_of__initialization:
    70                           	callstack 0
    71   007F8C  0100               	movlb	0
    72   007F8E  EFD8  F03F         	goto	_main	;jump to C main() function
    73                           
    74                           	psect	cstackCOMRAM
    75   000001                     __pcstackCOMRAM:
    76                           	callstack 0
    77   000001                     ??_main:
    78   000001                     
    79                           ; 1 bytes @ 0x0
    80   000001                     	ds	2
    81                           
    82 ;;
    83 ;;Main: autosize = 0, tempsize = 2, incstack = 0, save=0
    84 ;;
    85 ;; *************** function _main *****************
    86 ;; Defined at:
    87 ;;		line 16 in file "../dac_18f25k50.X/DAC.c"
    88 ;; Parameters:    Size  Location     Type
    89 ;;		None
    90 ;; Auto vars:     Size  Location     Type
    91 ;;		None
    92 ;; Return value:  Size  Location     Type
    93 ;;                  1    wreg      void 
    94 ;; Registers used:
    95 ;;		wreg, status,2, status,0, cstack
    96 ;; Tracked objects:
    97 ;;		On entry : 0/0
    98 ;;		On exit  : 0/0
    99 ;;		Unchanged: 0/0
   100 ;; Data sizes:     COMRAM   BANK0   BANK1   BANK2   BANK3   BANK4   BANK5   BANK6   BANK7
   101 ;;      Params:         0       0       0       0       0       0       0       0       0
   102 ;;      Locals:         0       0       0       0       0       0       0       0       0
   103 ;;      Temps:          2       0       0       0       0       0       0       0       0
   104 ;;      Totals:         2       0       0       0       0       0       0       0       0
   105 ;;Total ram usage:        2 bytes
   106 ;; Hardware stack levels required when called: 2
   107 ;; This function calls:
   108 ;;		_Setup
   109 ;; This function is called by:
   110 ;;		Startup code after reset
   111 ;; This function uses a non-reentrant model
   112 ;;
   113                           
   114                           	psect	text0
   115   007FB0                     __ptext0:
   116                           	callstack 0
   117   007FB0                     _main:
   118                           	callstack 29
   119   007FB0                     
   120                           ;../dac_18f25k50.X/DAC.c: 17:     Setup();
   121   007FB0  ECC9  F03F         	call	_Setup	;wreg free
   122   007FB4                     l737:
   123                           
   124                           ;../dac_18f25k50.X/DAC.c: 20:         _delay((unsigned long)((10)*(16000000/4000.0)));
   125   007FB4  0E34               	movlw	52
   126   007FB6  6E01               	movwf	??_main^0,c
   127   007FB8  0EF2               	movlw	242
   128   007FBA                     u27:
   129   007FBA  2EE8               	decfsz	wreg,f,c
   130   007FBC  D7FE               	bra	u27
   131   007FBE  2E01               	decfsz	??_main^0,f,c
   132   007FC0  D7FC               	bra	u27
   133   007FC2                     
   134                           ;../dac_18f25k50.X/DAC.c: 21:        if(VREFCON2++>=32) VREFCON2=0;
   135   007FC2  2A7B               	incf	123,f,c	;volatile
   136   007FC4  047B               	decf	123,w,c	;volatile
   137   007FC6  6E01               	movwf	??_main^0,c
   138   007FC8  0E1F               	movlw	31
   139   007FCA  6401               	cpfsgt	??_main^0,c
   140   007FCC  EFEA  F03F         	goto	u11
   141   007FD0  EFEC  F03F         	goto	u10
   142   007FD4                     u11:
   143   007FD4  EFEE  F03F         	goto	l743
   144   007FD8                     u10:
   145   007FD8  0E00               	movlw	0
   146   007FDA  6E7B               	movwf	123,c	;volatile
   147   007FDC                     l743:
   148                           
   149                           ;../dac_18f25k50.X/DAC.c: 22:         PORTA |=(1<<4);
   150   007FDC  8880               	bsf	128,4,c	;volatile
   151   007FDE                     
   152                           ;../dac_18f25k50.X/DAC.c: 23:         _delay((unsigned long)((100)*(16000000/4000.0)));
   153   007FDE  0E03               	movlw	3
   154   007FE0  6E02               	movwf	(??_main+1)^0,c
   155   007FE2  0E08               	movlw	8
   156   007FE4  6E01               	movwf	??_main^0,c
   157   007FE6  0E77               	movlw	119
   158   007FE8                     u37:
   159   007FE8  2EE8               	decfsz	wreg,f,c
   160   007FEA  D7FE               	bra	u37
   161   007FEC  2E01               	decfsz	??_main^0,f,c
   162   007FEE  D7FC               	bra	u37
   163   007FF0  2E02               	decfsz	(??_main+1)^0,f,c
   164   007FF2  D7FA               	bra	u37
   165   007FF4  F000               	nop	
   166   007FF6                     
   167                           ;../dac_18f25k50.X/DAC.c: 24:         PORTA &=~(1<<4);
   168   007FF6  9880               	bcf	128,4,c	;volatile
   169   007FF8  EFDA  F03F         	goto	l737
   170   007FFC  EF00  F000         	goto	start
   171   008000                     __end_of_main:
   172                           	callstack 0
   173                           
   174 ;; *************** function _Setup *****************
   175 ;; Defined at:
   176 ;;		line 36 in file "../dac_18f25k50.X/Setup.c"
   177 ;; Parameters:    Size  Location     Type
   178 ;;		None
   179 ;; Auto vars:     Size  Location     Type
   180 ;;		None
   181 ;; Return value:  Size  Location     Type
   182 ;;                  1    wreg      void 
   183 ;; Registers used:
   184 ;;		wreg, status,2, status,0, cstack
   185 ;; Tracked objects:
   186 ;;		On entry : 0/0
   187 ;;		On exit  : 0/0
   188 ;;		Unchanged: 0/0
   189 ;; Data sizes:     COMRAM   BANK0   BANK1   BANK2   BANK3   BANK4   BANK5   BANK6   BANK7
   190 ;;      Params:         0       0       0       0       0       0       0       0       0
   191 ;;      Locals:         0       0       0       0       0       0       0       0       0
   192 ;;      Temps:          0       0       0       0       0       0       0       0       0
   193 ;;      Totals:         0       0       0       0       0       0       0       0       0
   194 ;;Total ram usage:        0 bytes
   195 ;; Hardware stack levels used: 1
   196 ;; Hardware stack levels required when called: 1
   197 ;; This function calls:
   198 ;;		_SetupOscilador
   199 ;;		_Setupint
   200 ;;		_Setupports
   201 ;; This function is called by:
   202 ;;		_main
   203 ;; This function uses a non-reentrant model
   204 ;;
   205                           
   206                           	psect	text1
   207   007F92                     __ptext1:
   208                           	callstack 0
   209   007F92                     _Setup:
   210                           	callstack 29
   211   007F92                     
   212                           ;../dac_18f25k50.X/Setup.c: 38:     SetupOscilador();
   213   007F92  ECC3  F03F         	call	_SetupOscilador	;wreg free
   214   007F96                     
   215                           ;../dac_18f25k50.X/Setup.c: 39:     Setupports();
   216   007F96  ECD0  F03F         	call	_Setupports	;wreg free
   217   007F9A                     
   218                           ;../dac_18f25k50.X/Setup.c: 40:     Setupint();
   219   007F9A  ECC2  F03F         	call	_Setupint	;wreg free
   220   007F9E  0012               	return		;funcret
   221   007FA0                     __end_of_Setup:
   222                           	callstack 0
   223                           
   224 ;; *************** function _Setupports *****************
   225 ;; Defined at:
   226 ;;		line 18 in file "../dac_18f25k50.X/Setup.c"
   227 ;; Parameters:    Size  Location     Type
   228 ;;		None
   229 ;; Auto vars:     Size  Location     Type
   230 ;;		None
   231 ;; Return value:  Size  Location     Type
   232 ;;                  1    wreg      void 
   233 ;; Registers used:
   234 ;;		wreg, status,2, status,0
   235 ;; Tracked objects:
   236 ;;		On entry : 0/0
   237 ;;		On exit  : 0/0
   238 ;;		Unchanged: 0/0
   239 ;; Data sizes:     COMRAM   BANK0   BANK1   BANK2   BANK3   BANK4   BANK5   BANK6   BANK7
   240 ;;      Params:         0       0       0       0       0       0       0       0       0
   241 ;;      Locals:         0       0       0       0       0       0       0       0       0
   242 ;;      Temps:          0       0       0       0       0       0       0       0       0
   243 ;;      Totals:         0       0       0       0       0       0       0       0       0
   244 ;;Total ram usage:        0 bytes
   245 ;; Hardware stack levels used: 1
   246 ;; This function calls:
   247 ;;		Nothing
   248 ;; This function is called by:
   249 ;;		_Setup
   250 ;; This function uses a non-reentrant model
   251 ;;
   252                           
   253                           	psect	text2
   254   007FA0                     __ptext2:
   255                           	callstack 0
   256   007FA0                     _Setupports:
   257                           	callstack 29
   258   007FA0                     
   259                           ;../dac_18f25k50.X/Setup.c: 20:     VREFCON1=0b11100000;
   260   007FA0  0EE0               	movlw	224
   261   007FA2  6E7C               	movwf	124,c	;volatile
   262                           
   263                           ;../dac_18f25k50.X/Setup.c: 21:     VREFCON0=0b11110000;
   264   007FA4  0EF0               	movlw	240
   265   007FA6  6E7D               	movwf	125,c	;volatile
   266                           
   267                           ;../dac_18f25k50.X/Setup.c: 22:     VREFCON2=0b00000000;
   268   007FA8  0E00               	movlw	0
   269   007FAA  6E7B               	movwf	123,c	;volatile
   270   007FAC                     
   271                           ;../dac_18f25k50.X/Setup.c: 23:     TRISA &=~(1<<4);
   272   007FAC  9892               	bcf	146,4,c	;volatile
   273   007FAE  0012               	return		;funcret
   274   007FB0                     __end_of_Setupports:
   275                           	callstack 0
   276                           
   277 ;; *************** function _Setupint *****************
   278 ;; Defined at:
   279 ;;		line 28 in file "../dac_18f25k50.X/Setup.c"
   280 ;; Parameters:    Size  Location     Type
   281 ;;		None
   282 ;; Auto vars:     Size  Location     Type
   283 ;;		None
   284 ;; Return value:  Size  Location     Type
   285 ;;                  1    wreg      void 
   286 ;; Registers used:
   287 ;;		None
   288 ;; Tracked objects:
   289 ;;		On entry : 0/0
   290 ;;		On exit  : 0/0
   291 ;;		Unchanged: 0/0
   292 ;; Data sizes:     COMRAM   BANK0   BANK1   BANK2   BANK3   BANK4   BANK5   BANK6   BANK7
   293 ;;      Params:         0       0       0       0       0       0       0       0       0
   294 ;;      Locals:         0       0       0       0       0       0       0       0       0
   295 ;;      Temps:          0       0       0       0       0       0       0       0       0
   296 ;;      Totals:         0       0       0       0       0       0       0       0       0
   297 ;;Total ram usage:        0 bytes
   298 ;; Hardware stack levels used: 1
   299 ;; This function calls:
   300 ;;		Nothing
   301 ;; This function is called by:
   302 ;;		_Setup
   303 ;; This function uses a non-reentrant model
   304 ;;
   305                           
   306                           	psect	text3
   307   007F84                     __ptext3:
   308                           	callstack 0
   309   007F84                     _Setupint:
   310                           	callstack 29
   311   007F84  0012               	return		;funcret
   312   007F86                     __end_of_Setupint:
   313                           	callstack 0
   314                           
   315 ;; *************** function _SetupOscilador *****************
   316 ;; Defined at:
   317 ;;		line 13 in file "../dac_18f25k50.X/Setup.c"
   318 ;; Parameters:    Size  Location     Type
   319 ;;		None
   320 ;; Auto vars:     Size  Location     Type
   321 ;;		None
   322 ;; Return value:  Size  Location     Type
   323 ;;                  1    wreg      void 
   324 ;; Registers used:
   325 ;;		wreg, status,2
   326 ;; Tracked objects:
   327 ;;		On entry : 0/0
   328 ;;		On exit  : 0/0
   329 ;;		Unchanged: 0/0
   330 ;; Data sizes:     COMRAM   BANK0   BANK1   BANK2   BANK3   BANK4   BANK5   BANK6   BANK7
   331 ;;      Params:         0       0       0       0       0       0       0       0       0
   332 ;;      Locals:         0       0       0       0       0       0       0       0       0
   333 ;;      Temps:          0       0       0       0       0       0       0       0       0
   334 ;;      Totals:         0       0       0       0       0       0       0       0       0
   335 ;;Total ram usage:        0 bytes
   336 ;; Hardware stack levels used: 1
   337 ;; This function calls:
   338 ;;		Nothing
   339 ;; This function is called by:
   340 ;;		_Setup
   341 ;; This function uses a non-reentrant model
   342 ;;
   343                           
   344                           	psect	text4
   345   007F86                     __ptext4:
   346                           	callstack 0
   347   007F86                     _SetupOscilador:
   348                           	callstack 29
   349   007F86                     
   350                           ;../dac_18f25k50.X/Setup.c: 15:     OSCCON=0b01110000;
   351   007F86  0E70               	movlw	112
   352   007F88  6ED3               	movwf	211,c	;volatile
   353   007F8A  0012               	return		;funcret
   354   007F8C                     __end_of_SetupOscilador:
   355                           	callstack 0
   356   000000                     
   357                           	psect	rparam
   358   000000                     
   359                           	psect	idloc
   360                           
   361                           ;Config register IDLOC0 @ 0x200000
   362                           ;	unspecified, using default values
   363   200000                     	org	2097152
   364   200000  FF                 	db	255
   365                           
   366                           ;Config register IDLOC1 @ 0x200001
   367                           ;	unspecified, using default values
   368   200001                     	org	2097153
   369   200001  FF                 	db	255
   370                           
   371                           ;Config register IDLOC2 @ 0x200002
   372                           ;	unspecified, using default values
   373   200002                     	org	2097154
   374   200002  FF                 	db	255
   375                           
   376                           ;Config register IDLOC3 @ 0x200003
   377                           ;	unspecified, using default values
   378   200003                     	org	2097155
   379   200003  FF                 	db	255
   380                           
   381                           ;Config register IDLOC4 @ 0x200004
   382                           ;	unspecified, using default values
   383   200004                     	org	2097156
   384   200004  FF                 	db	255
   385                           
   386                           ;Config register IDLOC5 @ 0x200005
   387                           ;	unspecified, using default values
   388   200005                     	org	2097157
   389   200005  FF                 	db	255
   390                           
   391                           ;Config register IDLOC6 @ 0x200006
   392                           ;	unspecified, using default values
   393   200006                     	org	2097158
   394   200006  FF                 	db	255
   395                           
   396                           ;Config register IDLOC7 @ 0x200007
   397                           ;	unspecified, using default values
   398   200007                     	org	2097159
   399   200007  FF                 	db	255
   400                           
   401                           	psect	config
   402                           
   403                           ;Config register CONFIG1L @ 0x300000
   404                           ;	PLL Selection
   405                           ;	PLLSEL = PLL4X, 4x clock multiplier
   406                           ;	PLL Enable Configuration bit
   407                           ;	CFGPLLEN = OFF, PLL Disabled (firmware controlled)
   408                           ;	CPU System Clock Postscaler
   409                           ;	CPUDIV = NOCLKDIV, CPU uses system clock (no divide)
   410                           ;	Low Speed USB mode with 48 MHz system clock
   411                           ;	LS48MHZ = SYS24X4, System clock at 24 MHz, USB clock divider is set to 4
   412   300000                     	org	3145728
   413   300000  00                 	db	0
   414                           
   415                           ;Config register CONFIG1H @ 0x300001
   416                           ;	Oscillator Selection
   417                           ;	FOSC = INTOSCIO, Internal oscillator
   418                           ;	Primary Oscillator Shutdown
   419                           ;	PCLKEN = ON, Primary oscillator enabled
   420                           ;	Fail-Safe Clock Monitor
   421                           ;	FCMEN = OFF, Fail-Safe Clock Monitor disabled
   422                           ;	Internal/External Oscillator Switchover
   423                           ;	IESO = OFF, Oscillator Switchover mode disabled
   424   300001                     	org	3145729
   425   300001  28                 	db	40
   426                           
   427                           ;Config register CONFIG2L @ 0x300002
   428                           ;	Power-up Timer Enable
   429                           ;	nPWRTEN = OFF, Power up timer disabled
   430                           ;	Brown-out Reset Enable
   431                           ;	BOREN = SBORDIS, BOR enabled in hardware (SBOREN is ignored)
   432                           ;	Brown-out Reset Voltage
   433                           ;	BORV = 190, BOR set to 1.9V nominal
   434                           ;	Low-Power Brown-out Reset
   435                           ;	nLPBOR = OFF, Low-Power Brown-out Reset disabled
   436   300002                     	org	3145730
   437   300002  5F                 	db	95
   438                           
   439                           ;Config register CONFIG2H @ 0x300003
   440                           ;	Watchdog Timer Enable bits
   441                           ;	WDTEN = OFF, WDT disabled in hardware (SWDTEN ignored)
   442                           ;	Watchdog Timer Postscaler
   443                           ;	WDTPS = 32768, 1:32768
   444   300003                     	org	3145731
   445   300003  3C                 	db	60
   446                           
   447                           ; Padding undefined space
   448   300004                     	org	3145732
   449   300004  FF                 	db	255
   450                           
   451                           ;Config register CONFIG3H @ 0x300005
   452                           ;	CCP2 MUX bit
   453                           ;	CCP2MX = RC1, CCP2 input/output is multiplexed with RC1
   454                           ;	PORTB A/D Enable bit
   455                           ;	PBADEN = ON, PORTB<5:0> pins are configured as analog input channels on Reset
   456                           ;	Timer3 Clock Input MUX bit
   457                           ;	T3CMX = RC0, T3CKI function is on RC0
   458                           ;	SDO Output MUX bit
   459                           ;	SDOMX = RB3, SDO function is on RB3
   460                           ;	Master Clear Reset Pin Enable
   461                           ;	MCLRE = ON, MCLR pin enabled; RE3 input disabled
   462   300005                     	org	3145733
   463   300005  D3                 	db	211
   464                           
   465                           ;Config register CONFIG4L @ 0x300006
   466                           ;	Stack Full/Underflow Reset
   467                           ;	STVREN = ON, Stack full/underflow will cause Reset
   468                           ;	Single-Supply ICSP Enable bit
   469                           ;	LVP = ON, Single-Supply ICSP enabled if MCLRE is also 1
   470                           ;	Dedicated In-Circuit Debug/Programming Port Enable
   471                           ;	ICPRT = OFF, ICPORT disabled
   472                           ;	Extended Instruction Set Enable bit
   473                           ;	XINST = OFF, Instruction set extension and Indexed Addressing mode disabled
   474                           ;	Background Debugger Enable bit
   475                           ;	DEBUG = 0x1, unprogrammed default
   476   300006                     	org	3145734
   477   300006  85                 	db	133
   478                           
   479                           ; Padding undefined space
   480   300007                     	org	3145735
   481   300007  FF                 	db	255
   482                           
   483                           ;Config register CONFIG5L @ 0x300008
   484                           ;	Block 0 Code Protect
   485                           ;	CP0 = OFF, Block 0 is not code-protected
   486                           ;	Block 1 Code Protect
   487                           ;	CP1 = OFF, Block 1 is not code-protected
   488                           ;	Block 2 Code Protect
   489                           ;	CP2 = OFF, Block 2 is not code-protected
   490                           ;	Block 3 Code Protect
   491                           ;	CP3 = OFF, Block 3 is not code-protected
   492   300008                     	org	3145736
   493   300008  0F                 	db	15
   494                           
   495                           ;Config register CONFIG5H @ 0x300009
   496                           ;	Boot Block Code Protect
   497                           ;	CPB = OFF, Boot block is not code-protected
   498                           ;	Data EEPROM Code Protect
   499                           ;	CPD = OFF, Data EEPROM is not code-protected
   500   300009                     	org	3145737
   501   300009  C0                 	db	192
   502                           
   503                           ;Config register CONFIG6L @ 0x30000A
   504                           ;	Block 0 Write Protect
   505                           ;	WRT0 = OFF, Block 0 (0800-1FFFh) is not write-protected
   506                           ;	Block 1 Write Protect
   507                           ;	WRT1 = OFF, Block 1 (2000-3FFFh) is not write-protected
   508                           ;	Block 2 Write Protect
   509                           ;	WRT2 = OFF, Block 2 (04000-5FFFh) is not write-protected
   510                           ;	Block 3 Write Protect
   511                           ;	WRT3 = OFF, Block 3 (06000-7FFFh) is not write-protected
   512   30000A                     	org	3145738
   513   30000A  0F                 	db	15
   514                           
   515                           ;Config register CONFIG6H @ 0x30000B
   516                           ;	Configuration Registers Write Protect
   517                           ;	WRTC = OFF, Configuration registers (300000-3000FFh) are not write-protected
   518                           ;	Boot Block Write Protect
   519                           ;	WRTB = OFF, Boot block (0000-7FFh) is not write-protected
   520                           ;	Data EEPROM Write Protect
   521                           ;	WRTD = OFF, Data EEPROM is not write-protected
   522   30000B                     	org	3145739
   523   30000B  E0                 	db	224
   524                           
   525                           ;Config register CONFIG7L @ 0x30000C
   526                           ;	Block 0 Table Read Protect
   527                           ;	EBTR0 = OFF, Block 0 is not protected from table reads executed in other blocks
   528                           ;	Block 1 Table Read Protect
   529                           ;	EBTR1 = OFF, Block 1 is not protected from table reads executed in other blocks
   530                           ;	Block 2 Table Read Protect
   531                           ;	EBTR2 = OFF, Block 2 is not protected from table reads executed in other blocks
   532                           ;	Block 3 Table Read Protect
   533                           ;	EBTR3 = OFF, Block 3 is not protected from table reads executed in other blocks
   534   30000C                     	org	3145740
   535   30000C  0F                 	db	15
   536                           
   537                           ;Config register CONFIG7H @ 0x30000D
   538                           ;	Boot Block Table Read Protect
   539                           ;	EBTRB = OFF, Boot block is not protected from table reads executed in other blocks
   540   30000D                     	org	3145741
   541   30000D  40                 	db	64
   542                           tosu	equ	0xFFF
   543                           tosh	equ	0xFFE
   544                           tosl	equ	0xFFD
   545                           stkptr	equ	0xFFC
   546                           pclatu	equ	0xFFB
   547                           pclath	equ	0xFFA
   548                           pcl	equ	0xFF9
   549                           tblptru	equ	0xFF8
   550                           tblptrh	equ	0xFF7
   551                           tblptrl	equ	0xFF6
   552                           tablat	equ	0xFF5
   553                           prodh	equ	0xFF4
   554                           prodl	equ	0xFF3
   555                           indf0	equ	0xFEF
   556                           postinc0	equ	0xFEE
   557                           postdec0	equ	0xFED
   558                           preinc0	equ	0xFEC
   559                           plusw0	equ	0xFEB
   560                           fsr0h	equ	0xFEA
   561                           fsr0l	equ	0xFE9
   562                           wreg	equ	0xFE8
   563                           indf1	equ	0xFE7
   564                           postinc1	equ	0xFE6
   565                           postdec1	equ	0xFE5
   566                           preinc1	equ	0xFE4
   567                           plusw1	equ	0xFE3
   568                           fsr1h	equ	0xFE2
   569                           fsr1l	equ	0xFE1
   570                           bsr	equ	0xFE0
   571                           indf2	equ	0xFDF
   572                           postinc2	equ	0xFDE
   573                           postdec2	equ	0xFDD
   574                           preinc2	equ	0xFDC
   575                           plusw2	equ	0xFDB
   576                           fsr2h	equ	0xFDA
   577                           fsr2l	equ	0xFD9
   578                           status	equ	0xFD8

Data Sizes:
    Strings     0
    Constant    0
    Data        0
    BSS         0
    Persistent  0
    Stack       0

Auto Spaces:
    Space          Size  Autos    Used
    COMRAM           95      2       2
    BANK0           160      0       0
    BANK1           256      0       0
    BANK2           256      0       0
    BANK3           256      0       0
    BANK4           256      0       0
    BANK5           256      0       0
    BANK6           256      0       0
    BANK7           256      0       0

Pointer List with Targets:

    None.

Critical Paths under _main in COMRAM

    None.

Critical Paths under _main in BANK0

    None.

Critical Paths under _main in BANK1

    None.

Critical Paths under _main in BANK2

    None.

Critical Paths under _main in BANK3

    None.

Critical Paths under _main in BANK4

    None.

Critical Paths under _main in BANK5

    None.

Critical Paths under _main in BANK6

    None.

Critical Paths under _main in BANK7

    None.

Call Graph Tables:

 ---------------------------------------------------------------------------------
 (Depth) Function   	        Calls       Base Space   Used Autos Params    Refs
 ---------------------------------------------------------------------------------
 (0) _main                                                 2     2      0       0
                                              0 COMRAM     2     2      0
                              _Setup
 ---------------------------------------------------------------------------------
 (1) _Setup                                                0     0      0       0
                     _SetupOscilador
                           _Setupint
                         _Setupports
 ---------------------------------------------------------------------------------
 (2) _Setupports                                           0     0      0       0
 ---------------------------------------------------------------------------------
 (2) _Setupint                                             0     0      0       0
 ---------------------------------------------------------------------------------
 (2) _SetupOscilador                                       0     0      0       0
 ---------------------------------------------------------------------------------
 Estimated maximum stack depth 2
 ---------------------------------------------------------------------------------

 Call Graph Graphs:

 _main (ROOT)
   _Setup
     _SetupOscilador
     _Setupint
     _Setupports

 Address spaces:
Name               Size   Autos  Total    Cost      Usage
BITCOMRAM           5F      0       0       0        0.0%
EEDATA             100      0       0       0        0.0%
NULL                 0      0       0       0        0.0%
CODE                 0      0       0       0        0.0%
COMRAM              5F      2       2       1        2.1%
STACK                0      0       0       2        0.0%
DATA                 0      0       0       3        0.0%
BITBANK0            A0      0       0       4        0.0%
BANK0               A0      0       0       5        0.0%
BITBANK1           100      0       0       6        0.0%
BANK1              100      0       0       7        0.0%
BITBANK2           100      0       0       8        0.0%
BANK2              100      0       0       9        0.0%
BITBANK3           100      0       0      10        0.0%
BANK3              100      0       0      11        0.0%
BITBANK4           100      0       0      12        0.0%
BANK4              100      0       0      13        0.0%
BITBANK5           100      0       0      14        0.0%
BANK5              100      0       0      15        0.0%
BITBANK6           100      0       0      16        0.0%
BANK6              100      0       0      17        0.0%
BITBANK7           100      0       0      18        0.0%
BANK7              100      0       0      19        0.0%
BITBIGSFRhhh        2C      0       0      20        0.0%
BITBIGSFRhhlh       40      0       0      21        0.0%
BITBIGSFRhhll       11      0       0      22        0.0%
BITBIGSFRhl          2      0       0      23        0.0%
BITBIGSFRl          28      0       0      24        0.0%
ABS                  0      0       0      25        0.0%
BIGRAM             7FF      0       0      26        0.0%
BIGSFR               0      0       0     200        0.0%
BITSFR_1             0      0       0     200        0.0%
SFR_1                0      0       0     200        0.0%
BITSFR               0      0       0     200        0.0%
SFR                  0      0       0     200        0.0%


Microchip Technology PIC18 Macro Assembler V2.41 build 20230208172133 
Symbol Table                                                                                   Wed Dec 06 00:43:30 2023

                     l30 7F8A                       l33 7FAE                       l36 7F84  
                     l39 7F9E                       u10 7FD8                       u11 7FD4  
                     u27 7FBA                       u37 7FE8                      l721 7FAC  
                    l715 7F86                      l731 7F9A                      l725 7F84  
                    l741 7FD8                      l719 7FA0                      l727 7F92  
                    l743 7FDC                      l735 7FB0                      l729 7F96  
                    l745 7FDE                      l737 7FB4                      l747 7FF6  
                    l739 7FC2                      wreg 0FE8                     _main 7FB0  
                   start 0000             ___param_bank 0000                    ?_main 0001  
                  _PORTA 0F80                    _TRISA 0F92                    _Setup 7F92  
        __initialization 7F8C             __end_of_main 8000                   ??_main 0001  
          __activetblptr 0000         __end_of_Setupint 7F86                   ?_Setup 0001  
                 _OSCCON 0FD3                   isa$std 0001               _Setupports 7FA0  
             __accesstop 0060  __end_of__initialization 7F8C            ___rparam_used 0001  
         __pcstackCOMRAM 0001            __end_of_Setup 7FA0                  ??_Setup 0001  
              ?_Setupint 0001              ?_Setupports 0001                  __Hparam 0000  
                __Lparam 0000               ??_Setupint 0001                  __pcinit 7F8C  
                __ramtop 0800                  __ptext0 7FB0                  __ptext1 7F92  
                __ptext2 7FA0                  __ptext3 7F84                  __ptext4 7F86  
   end_of_initialization 7F8C           _SetupOscilador 7F86   __end_of_SetupOscilador 7F8C  
    start_initialization 7F8C          ?_SetupOscilador 0001             ??_Setupports 0001  
     __end_of_Setupports 7FB0                 _VREFCON0 0F7D                 _VREFCON1 0F7C  
               _VREFCON2 0F7B                 __Hrparam 0000                 __Lrparam 0000  
               _Setupint 7F84         ??_SetupOscilador 0001                 isa$xinst 0000  
